<?xml version="1.0" encoding="UTF-8"?>
<!-- Generated by org.testng.reporters.JUnitReportReporter -->
<testsuite hostname="SATHYA_ILP-LAPTOP" name="com.cognizant.AgeTests" tests="3" failures="0" timestamp="3 Aug 2020 12:48:47 GMT" time="1.360" errors="0">
  <testcase name="testAgeCalculatorServlet" time="0.133" classname="com.cognizant.AgeTests"/>
  <testcase name="testCalculateAgeCorrectDate" time="1.221" classname="com.cognizant.AgeTests"/>
  <testcase name="testCalculateAgeInvalidDate" time="0.006" classname="com.cognizant.AgeTests"/>
</testsuite> <!-- com.cognizant.AgeTests -->
